 The parameter of energyband program
   1   0   1     1.000000
    0.0000000    1.4266427   -2.4715306
    0.0000000    1.4266427    2.4715306
    2.8976317    0.0000000    0.0000000
    0.0000000    1.4266427    2.4715285    1
    1.4488158    1.4266427    0.8238621    3
   1   0   1     1.000000
    0.0000000    1.3695770   -2.3726693
    0.0000000    1.3695770    2.3726693
    2.7817264    0.0000000    0.0000000
    0.0000000    1.3695770    2.3726674    1
    1.3908632    1.3695770    0.7909076    3
   1   0   1     1.000000
    0.0000000    1.4837085   -2.5703918
    0.0000000    1.4837085    2.5703918
    3.0135369    0.0000000    0.0000000
    0.0000000    1.4837085    2.5703897    1
    1.5067685    1.4837085    0.8568166    3
   1   0   2     1.000000
    2.9067682   -0.0000000    0.0000000
   -1.4533841    2.5173351    0.0000000
    0.0000000    0.0000000    3.9107224
   -0.0000058    1.6782268    1.9553612    1
    2.9067654   -0.0000000    0.7066935    3
    2.9067654   -0.0000000    3.2040290    3
   1   0   2     1.000000
    2.7904975   -0.0000000    0.0000000
   -1.3952487    2.4166417    0.0000000
    0.0000000    0.0000000    3.7542935
   -0.0000056    1.6110977    1.8771468    1
    2.7904947   -0.0000000    0.6784258    3
    2.7904947   -0.0000000    3.0758679    3
   1   0   2     1.000000
    3.0230389   -0.0000000    0.0000000
   -1.5115195    2.6180285    0.0000000
    0.0000000    0.0000000    4.0671513
   -0.0000060    1.7453559    2.0335757    1
    3.0230360   -0.0000000    0.7349612    3
    3.0230360   -0.0000000    3.3321902    3
   2   0   1     1.000000
    1.4232883    0.8217359    5.2124681
   -1.4232883    0.8217359    5.2124681
    0.0000000   -1.6434717    5.2124681
    0.0000000   -0.0000000   14.9428211    1
    0.0000000   -0.0000000    2.1721899    1
    0.0000000   -0.0000000   11.1743172    3
   2   0   1     1.000000
    1.3663568    0.7888664    5.0039693
   -1.3663568    0.7888664    5.0039693
    0.0000000   -1.5777329    5.0039693
    0.0000000   -0.0000000   14.3451083    1
    0.0000000   -0.0000000    2.0853023    1
    0.0000000   -0.0000000   10.7273445    3
   2   0   1     1.000000
    1.4802198    0.8546053    5.4209668
   -1.4802198    0.8546053    5.4209668
    0.0000000   -1.7092106    5.4209668
    0.0000000   -0.0000000   15.5405340    1
    0.0000000   -0.0000000    2.2590775    1
    0.0000000   -0.0000000   11.6212898    3
   3   0   3     1.000000
    4.1074782    0.0000000    0.0000000
    0.0000000    4.1074782    0.0000000
    0.0000000    0.0000000    4.1074782
    0.0000000    2.0537391    0.0000000    1
    2.0537391    0.0000000    0.0000000    1
    0.0000000    0.0000000    2.0537391    1
    0.0000000    2.0537391    2.0537391    3
    2.0537391    0.0000000    2.0537391    3
    2.0537391    2.0537391    0.0000000    3
   3   0   3     1.000000
    3.9431791    0.0000000    0.0000000
    0.0000000    3.9431791    0.0000000
    0.0000000    0.0000000    3.9431791
    0.0000000    1.9715895    0.0000000    1
    1.9715895    0.0000000    0.0000000    1
    0.0000000    0.0000000    1.9715895    1
    0.0000000    1.9715895    1.9715895    3
    1.9715895    0.0000000    1.9715895    3
    1.9715895    1.9715895    0.0000000    3
   3   0   3     1.000000
    4.2717773    0.0000000    0.0000000
    0.0000000    4.2717773    0.0000000
    0.0000000    0.0000000    4.2717773
    0.0000000    2.1358887    0.0000000    1
    2.1358887    0.0000000    0.0000000    1
    0.0000000    0.0000000    2.1358887    1
    0.0000000    2.1358887    2.1358887    3
    2.1358887    0.0000000    2.1358887    3
    2.1358887    2.1358887    0.0000000    3
   4   0   2     1.000000
    2.8566167    0.0000000    0.0000000
   -1.4283083    2.4739026    0.0000000
    0.0000000    0.0000000   10.3140654
    1.4283083    0.8246342    1.1483826    1
    0.0000000    1.6492684    9.1656828    1
    0.0000000    1.6492684    6.3054153    1
    1.4283083    0.8246342    4.0086501    1
    0.0000000    1.6492684    2.5785163    3
    1.4283083    0.8246342    7.7355490    3
   4   0   2     1.000000
    2.7423520    0.0000000    0.0000000
   -1.3711760    2.3749465    0.0000000
    0.0000000    0.0000000    9.9015028
    1.3711760    0.7916488    1.1024473    1
    0.0000000    1.5832977    8.7990555    1
    0.0000000    1.5832977    6.0531987    1
    1.3711760    0.7916488    3.8483041    1
    0.0000000    1.5832977    2.4753757    3
    1.3711760    0.7916488    7.4261271    3
   4   0   2     1.000000
    2.9708814    0.0000000    0.0000000
   -1.4854407    2.5728587    0.0000000
    0.0000000    0.0000000   10.7266280
    1.4854407    0.8576196    1.1943179    1
    0.0000000    1.7152391    9.5323101    1
    0.0000000    1.7152391    6.5576319    1
    1.4854407    0.8576196    4.1689961    1
    0.0000000    1.7152391    2.6816570    3
    1.4854407    0.8576196    8.0449710    3
   2   1   1     1.000000
    2.4912062   -1.4428690   -0.0003615
    2.4912062    1.4428690   -0.0003615
   -1.6650827    0.0000000    5.4450889
    3.1889678    0.0000000    4.7562480    1
   -0.1207117    0.0000000    2.1802637    1
   -0.1285122    0.0000000    3.9605308    2
    3.1960572    0.0000000    0.7756713    3
   2   2   1     1.000000
    6.5106294   -0.4869552    0.4388109
    5.3979037    2.2255540    0.4506141
    5.7347360    0.8702014    3.0302706
   11.3887217    0.6720784    2.8126400    1
    2.7437122    0.1030501    0.5216452    1
    6.1586727    0.1060477    1.5419364    2
    4.3721616    0.8532596    0.6154795    2
   13.3744985    1.4478230    3.0021874    3
   0   3   1     1.000000
   15.0000000    0.0000000    0.0000000
    0.0000000   15.0000000    0.0000000
    0.0000000    0.0000000   15.0000000
    0.2943742   14.6182751   14.0995979    2
   14.8457718    0.9990212   14.8554679    2
    0.8027215   14.9177645    0.6260224    2
    0.0000000    0.0000000    0.0000000    3
   0   0   2     1.000000
   30.0000000    0.0000000    0.0000000
    0.0000000   30.0000000    0.0000000
    0.0000000    0.0000000   30.0000000
    0.0000000    0.0000000    0.0000000    3
    0.0000000    0.0000000    1.1133799    3
   1   5   0     1.000000
   30.0000000    0.0000000    0.0000000
    0.0000000   30.0000000    0.0000000
    0.0000000    0.0000000   30.0000000
    0.0000600   -0.0000600    0.5393730    1
    1.4706345    0.0002010   -0.2685774    2
   -1.4706345    0.0002010   -0.2685774    2
   -0.0002289    1.4706345   -0.2685774    2
   -0.0002289   -1.4706345   -0.2685774    2
    0.0000687   -0.0000582    2.2350237    2
   1   0   1     1.000000
   20.0000000    0.0000000    0.0000000
    0.0000000   20.0000000    0.0000000
    0.0000000    0.0000000   20.0000000
    2.8476440    0.7967240    2.7009723    1
    2.0809860    2.1406460    3.3247977    3
   1   0   2     1.000000
   20.0000000    0.0000000    0.0000000
    0.0000000   20.0000000    0.0000000
    0.0000000    0.0000000   20.0000000
    1.3531976    0.0000000    3.9094523    1
    2.6018862    0.7541327    2.9029939    3
    2.6018862   19.2458673    2.9029939    3
   2   0   1     1.000000
   20.0000000    0.0000000    0.0000000
    0.0000000   20.0000000    0.0000000
    0.0000000    0.0000000   20.0000000
    3.0223090    0.5163800    4.7246735    1
    3.0069507    0.5153065    2.6638606    1
    2.2174503    1.9056835    3.6992359    3
   6   0   3     1.000000
    2.8589806   -0.0000000    0.0000000
   -1.4294903    2.4759498    0.0000000
    0.0000000    0.0000000   15.5705577
    0.0000000    0.0000000   14.8830383    1
    1.4294903    0.8253167    4.5026660    1
   -0.0000000    1.6506333    9.6928524    1
    0.0000000    0.0000000    2.1599003    1
    1.4294903    0.8253167    7.3500867    1
   -0.0000000    1.6506333   12.5402721    1
    0.0000000    0.0000000   11.1254457    3
    1.4294903    0.8253167    0.7450746    3
   -0.0000000    1.6506333    5.9352613    3
   6   0   3     1.000000
    2.7446213   -0.0000000    0.0000000
   -1.3723107    2.3769118    0.0000000
    0.0000000    0.0000000   14.9477354
    0.0000000    0.0000000   14.2877167    1
    1.3723107    0.7923040    4.3225594    1
   -0.0000000    1.5846080    9.3051383    1
    0.0000000    0.0000000    2.0735043    1
    1.3723107    0.7923040    7.0560832    1
   -0.0000000    1.5846080   12.0386612    1
    0.0000000    0.0000000   10.6804279    3
    1.3723107    0.7923040    0.7152717    3
   -0.0000000    1.5846080    5.6978508    3
   6   0   3     1.000000
    2.9733398   -0.0000000    0.0000000
   -1.4866699    2.5749878    0.0000000
    0.0000000    0.0000000   16.1933800
    0.0000000    0.0000000   15.4783598    1
    1.4866699    0.8583293    4.6827726    1
   -0.0000000    1.7166586   10.0805665    1
    0.0000000    0.0000000    2.2462963    1
    1.4866699    0.8583293    7.6440902    1
   -0.0000000    1.7166586   13.0418830    1
    0.0000000    0.0000000   11.5704636    3
    1.4866699    0.8583293    0.7748776    3
   -0.0000000    1.7166586    6.1726717    3
   6   0  12     1.000000
    8.9898996    0.0000000    0.0000000
   -2.9966300    8.4757598    0.0000000
   -2.9966300   -4.2378731    7.3402272
   -1.4983126    1.0594749    5.5051703    1
    4.4949527    3.1784115    1.8350568    1
    4.4949527    0.0000033    3.6701136    1
   -1.4983126    4.2378831    3.6701136    1
    1.4983199    5.2973514    1.8350568    1
    1.4983199   -1.0594649    5.5051703    1
    4.2485089    1.5020765    2.6016700    3
    5.9932694    0.2683468    4.7385573    3
    5.9932694    3.9695396    2.6016700    3
   -1.2518694    2.7358100    4.7385573    3
    0.0000035    4.5062246    2.6016700    3
    1.7447640    6.9736880    2.6016700    3
    1.2518756   -2.7358015    4.7385573    3
    2.9966364   -0.2683384    4.7385573    3
    0.0000036    0.0000048    5.2033401    3
    1.2518756    5.4716115    0.0000000    3
    4.7413940    3.0041482    0.0000000    3
    2.9966364    4.2378817    2.1368868    3
   6   0  12     1.000000
    8.6303036    0.0000000    0.0000000
   -2.8767648    8.1367294    0.0000000
   -2.8767648   -4.0683582    7.0466181
   -1.4383801    1.0170959    5.2849635    1
    4.3151546    3.0512750    1.7616545    1
    4.3151546    0.0000032    3.5233090    1
   -1.4383801    4.0683678    3.5233090    1
    1.4383871    5.0854573    1.7616545    1
    1.4383871   -1.0170863    5.2849635    1
    4.0785686    1.4419934    2.4976032    3
    5.7535387    0.2576129    4.5490150    3
    5.7535387    3.8107581    2.4976032    3
   -1.2017947    2.6263776    4.5490150    3
    0.0000033    4.3259756    2.4976032    3
    1.6749735    6.6947405    2.4976032    3
    1.2018006   -2.6263694    4.5490150    3
    2.8767709   -0.2576049    4.5490150    3
    0.0000034    0.0000046    4.9952065    3
    1.2018006    5.2527470    0.0000000    3
    4.5517383    2.8839823    0.0000000    3
    2.8767709    4.0683664    2.0514114    3
   6   0  12     1.000000
    9.3494956    0.0000000    0.0000000
   -3.1164952    8.8147902    0.0000000
   -3.1164952   -4.4073880    7.6338363
   -1.5582451    1.1018539    5.7253772    1
    4.6747508    3.3055479    1.9084591    1
    4.6747508    0.0000035    3.8169181    1
   -1.5582451    4.4073984    3.8169181    1
    1.5582527    5.5092454    1.9084591    1
    1.5582527   -1.1018435    5.7253772    1
    4.4184493    1.5621596    2.7057368    3
    6.2330002    0.2790807    4.9280996    3
    6.2330002    4.1283212    2.7057368    3
   -1.3019442    2.8452424    4.9280996    3
    0.0000036    4.6864736    2.7057368    3
    1.8145546    7.2526356    2.7057368    3
    1.3019507   -2.8452335    4.9280996    3
    3.1165018   -0.2790720    4.9280996    3
    0.0000037    0.0000050    5.4114737    3
    1.3019507    5.6904760    0.0000000    3
    4.9310498    3.1243142    0.0000000    3
    3.1165018    4.4073969    2.2223623    3
  12   0  18     1.000000
    5.0037424   -0.0000000    0.0000000
   -2.5018712    4.3333680    0.0000000
    0.0000000    0.0000000   15.2747771
    2.5012917    3.3615312    0.0798737    1
    0.8419247    0.4854167    5.1714663    1
    4.1623966    0.4864198   10.2630589    1
    2.5116384    3.3485499   12.6156380    1
    0.8479937    0.5008674    2.4324537    1
    4.1459815    0.4839503    7.5240450    1
    2.4811888    0.4780063   12.7344994    1
    3.3491822    1.9097694    2.5513158    1
    1.6752423    1.9455922    7.6429069    1
    0.0087599    1.9381202   12.7347456    1
    0.8190299    3.3718939    2.5515617    1
   -0.8277897    3.3567215    7.6431531    1
    2.4699598    3.4434063    8.8796986    3
    0.7866850    0.4173445   13.9712916    3
    4.2489692    0.4726169    3.7881075    3
    2.5580400    0.4864271    8.8879080    3
    3.3034639    1.9721137   13.9795010    3
    1.6441096    1.8748269    3.7963147    3
   -0.0355997    1.8572987    8.8786214    3
    0.9112030    3.3738882   13.9702134    3
   -0.8756034    3.4355487    3.7870296    3
    2.5287830    3.3668441    6.3142455    3
    0.8235781    0.5065682   11.4058376    3
    4.1532523    0.4599555    1.2226533    3
    2.4626834    0.4843732    6.3272118    3
    3.3529212    1.8905597   11.4188034    3
    1.6900088    1.9584348    1.2356197    3
    0.0257758    1.9358635    6.3145872    3
    0.8124764    3.3877584   11.4061797    3
   -0.8382521    3.3431139    1.2229946    3
  12   0  18     1.000000
    4.8035927   -0.0000000    0.0000000
   -2.4017963    4.1600333    0.0000000
    0.0000000    0.0000000   14.6637860
    2.4012401    3.2270700    0.0766788    1
    0.8082477    0.4660000    4.9646077    1
    3.9959008    0.4669630    9.8525365    1
    2.4111729    3.2146079   12.1110125    1
    0.8140740    0.4808327    2.3351555    1
    3.9801423    0.4645923    7.2230832    1
    2.3819412    0.4588860   12.2251194    1
    3.2152149    1.8333786    2.4492631    1
    1.6082326    1.8677685    7.3371906    1
    0.0084095    1.8605954   12.2253557    1
    0.7862687    3.2370181    2.4494993    1
   -0.7946781    3.2224526    7.3374269    1
    2.3711614    3.3056700    8.5245106    3
    0.7552176    0.4006507   13.4124399    3
    4.0790104    0.4537123    3.6365832    3
    2.4557184    0.4669701    8.5323917    3
    3.1713253    1.8932291   13.4203209    3
    1.5783452    1.7998338    3.6444622    3
   -0.0341757    1.7830068    8.5234766    3
    0.8747549    3.2389327   13.4114049    3
   -0.8405793    3.2981267    3.6355484    3
    2.4276317    3.2321704    6.0616757    3
    0.7906350    0.4863055   10.9496041    3
    3.9871222    0.4415572    1.1737471    3
    2.3641760    0.4649982    6.0741234    3
    3.2188044    1.8149373   10.9620513    3
    1.6224084    1.8800974    1.1861949    3
    0.0247447    1.8584289    6.0620037    3
    0.7799774    3.2522480   10.9499326    3
   -0.8047220    3.2093893    1.1740748    3
  12   0  18     1.000000
    5.2038921   -0.0000000    0.0000000
   -2.6019460    4.5067027    0.0000000
    0.0000000    0.0000000   15.8857682
    2.6013434    3.4959925    0.0830687    1
    0.8756017    0.5048334    5.3783250    1
    4.3288925    0.5058766   10.6735812    1
    2.6121040    3.4824919   13.1202635    1
    0.8819135    0.5209021    2.5297518    1
    4.3118208    0.5033084    7.8250068    1
    2.5804363    0.4971265   13.2438793    1
    3.4831495    1.9861602    2.6533684    1
    1.7422520    2.0234158    7.9486231    1
    0.0091103    2.0156451   13.2441354    1
    0.8517911    3.5067696    2.6536242    1
   -0.8609013    3.4909903    7.9488792    1
    2.5687582    3.5811425    9.2348865    3
    0.8181524    0.4340383   14.5301432    3
    4.4189280    0.4915216    3.9396318    3
    2.6603616    0.5058842    9.2434243    3
    3.4356025    2.0509982   14.5386810    3
    1.7098740    1.9498199    3.9481673    3
   -0.0370237    1.9315907    9.2337663    3
    0.9476511    3.5088438   14.5290220    3
   -0.9106275    3.5729706    3.9385108    3
    2.6299343    3.5015179    6.5668154    3
    0.8565213    0.5268309   11.8620711    3
    4.3193824    0.4783537    1.2715594    3
    2.5611907    0.5037481    6.5803003    3
    3.4870381    1.9661821   11.8755555    3
    1.7576091    2.0367722    1.2850445    3
    0.0268068    2.0132980    6.5671707    3
    0.8449755    3.5232687   11.8624269    3
   -0.8717821    3.4768384    1.2719144    3
   4   0   6     1.000000
    2.5005396   -4.3037597    0.0005873
    2.5005396    4.3037597    0.0005873
   -1.6797902    0.0000000    5.0613645
    0.8304768   -1.4490391    2.4570969    1
    0.8304768    1.4490391    2.4570969    1
    3.3180836    0.0000000    5.0619965    1
    3.3002943    0.0000000    2.3360970    1
    1.6283374    2.9373718    3.6896724    3
    1.6283374   -2.9373718    3.6896724    3
    1.6819036    2.8533598    1.1292980    3
    1.6819036   -2.8533598    1.1292980    3
    1.7076091    0.0000000    3.7017278    3
    1.6221228    0.0000000    1.1417361    3
   4   0   6     1.000000
    2.4005180   -4.1316093    0.0005638
    2.4005180    4.1316093    0.0005638
   -1.6125986    0.0000000    4.8589099
    0.7972578   -1.3910776    2.3588130    1
    0.7972578    1.3910776    2.3588130    1
    3.1853603    0.0000000    4.8595167    1
    3.1682825    0.0000000    2.2426531    1
    1.5632039    2.8198770    3.5420855    3
    1.5632039   -2.8198770    3.5420855    3
    1.6146275    2.7392254    1.0841260    3
    1.6146275   -2.7392254    1.0841260    3
    1.6393047    0.0000000    3.5536587    3
    1.5572379    0.0000000    1.0960666    3
   4   0   6     1.000000
    2.6005611   -4.4759101    0.0006107
    2.6005611    4.4759101    0.0006107
   -1.7469819    0.0000000    5.2638190
    0.8636959   -1.5070007    2.5553808    1
    0.8636959    1.5070007    2.5553808    1
    3.4508070    0.0000000    5.2644764    1
    3.4323060    0.0000000    2.4295409    1
    1.6934709    3.0548667    3.8372593    3
    1.6934709   -3.0548667    3.8372593    3
    1.7491797    2.9674941    1.1744699    3
    1.7491797   -2.9674941    1.1744699    3
    1.7759134    0.0000000    3.8497969    3
    1.6870078    0.0000000    1.1874055    3
   4   0   2     1.000000
    2.8566167    0.2000000    0.0000000
   -1.8283083    2.4739026    0.0000000
    0.0000000    0.0000000   10.3140654
    1.1874465    0.8803550    1.1364554    1
   -0.1591382    1.7935476    9.1776100    1
   -0.1591382    1.7935476    6.2934881    1
    1.1874465    0.8803550    4.0205773    1
   -0.3584911    1.6498751    2.5785163    3
    1.3867995    1.0240275    7.7355490    3
   4   0   2     1.000000
    2.8566167    0.0000000    0.0000000
   -1.2283083    2.4739026    0.2000000
    0.0000000    0.2000000   10.3140654
    1.5118347    0.9308602    1.2240695    1
    0.1164736    1.7430425    9.2899959    1
    0.0143288    1.7737045    6.4070423    1
    1.6139796    0.9001981    4.1070230    1
    0.1735375    1.7168644    2.7063585    3
    1.4547708    0.9570383    7.8077069    3
  12   0  17     1.000000
    4.9740798   -0.0144906    0.0043712
   -2.4996168    4.3248718    0.0177440
    0.0133822    0.0702501   15.1903568
    2.4786150    3.3451968    0.0903580    1
    0.9021485    0.3723552    5.1235110    1
    4.1532492    0.5557727   10.1937961    1
    2.5020695    3.4151923   12.5578032    1
    0.8299972    0.4834514    2.4252716    1
    4.1495082    0.5150737    7.4555208    1
    2.4807271    0.5560302   12.6670443    1
    3.3123098    1.8713645    2.5589683    1
    1.6824687    1.9488643    7.6074523    1
    0.0161462    2.0148924   12.6716124    1
    0.8014300    3.3410867    2.5655750    1
   -0.8628913    3.4251689    7.6496570    1
    2.4380208    3.4984719    8.8720507    3
    0.7954253    0.4984640   13.9045191    3
    4.2181293    0.4536330    3.7848991    3
    2.5597274    0.5656113    8.8569631    3
    3.2914801    2.0348118   13.9210796    3
    1.5989357    1.8545169    3.8049439    3
   -0.0278029    1.9249991    8.7902282    3
    0.9051069    3.4393898   13.9130782    3
   -0.8880706    3.3774593    3.7978882    3
    2.4923013    3.3239408    6.3000070    3
    0.8429978    0.5966435   11.3381688    3
    4.1152196    0.4428090    1.2205998    3
    2.4803567    0.4945662    6.2875078    3
    3.3437957    1.9675419   11.3588275    3
    1.6609415    1.9411838    1.2400281    3
    0.8042752    3.4566630   11.3536179    3
   -0.8432716    3.3211909    1.2352653    3
  12   0  17     1.000000
    4.9952010    0.0010523    0.0176742
   -2.4967183    4.2990235   -0.0220557
    0.0539404   -0.0466329   15.1884739
    2.3527024    3.3504262    0.0551490    1
    0.8876354    0.4387477    5.1253870    1
    4.1897970    0.4506604   10.2110774    1
    2.5381589    3.3095452   12.5456626    1
    0.8532962    0.4650859    2.3881661    1
    4.1872087    0.4401106    7.4889867    1
    2.5002959    0.4648862   12.6797509    1
    3.3281085    1.8839526    2.5392630    1
    1.7208550    1.8889409    7.5978560    1
    0.0323110    1.9029438   12.6683076    1
    0.8847966    3.3479614    2.5652510    1
   -0.7787207    3.2917602    7.5863181    1
    2.5129231    3.3774530    8.8354151    3
    0.8196202    0.3903598   13.9053082    3
    4.2929239    0.4533631    3.8041673    3
    2.5965646    0.4472354    8.8522692    3
    3.3417060    1.9575854   13.9249790    3
    1.6932695    1.8152649    3.7890864    3
    0.0112352    1.8101762    8.8262810    3
    0.9092425    3.3481454   13.9003247    3
   -0.8319274    3.3747836    3.7052495    3
    2.5754491    3.2864878    6.2699442    3
    0.8604257    0.4845469   11.3412902    3
    4.1139378    0.4944951    1.2322405    3
    2.5125551    0.4345633    6.2910245    3
    3.3852353    1.8609073   11.3599534    3
    1.6703348    1.9211830    1.2195299    3
    0.0768032    1.8875324    6.2671571    3
    0.8367753    3.3370941   11.3380775    3
  11   0  18     1.000000
    5.0191728    0.0114244   -0.0356644
   -2.4996774    4.3440603   -0.0359855
   -0.1090566   -0.1891918   15.1605173
    2.5322525    3.4047912    0.0341912    1
    0.9241877    0.6417983    5.1755281    1
    4.0568282    0.2435515   10.1250433    1
    2.4052114    3.1552111   12.4703925    1
    0.8867949    0.5645073    2.3984584    1
    4.0544732    0.3137365    7.2826269    1
    2.3674985    0.2749959   12.6332011    1
    3.4002593    1.9831570    2.4841846    1
   -0.1132748    1.7384945   12.6235449    1
    0.8613561    3.4464022    2.4844309    1
   -0.9477475    3.1494758    7.7031635    1
    2.4738130    3.4746755    8.7082660    3
    0.6744045    0.2304855   13.8630835    3
    4.3074439    0.5511701    3.7042194    3
    2.5815229   -0.0127419    8.7522903    3
    3.2047858    1.7941238   13.8399810    3
    1.6999071    1.9763301    3.7397113    3
   -0.5717025    1.6920336    8.8353008    3
    0.8088420    3.1941272   13.8264684    3
   -0.8349575    3.5105937    3.6914021    3
    2.6771398    3.5053234    6.1411454    3
    0.7001229    0.2872783   11.3189357    3
    4.1902039    0.5156601    1.1748079    3
    2.5127641    0.3628451    6.2015294    3
    3.2287621    1.6613745   11.3112048    3
    1.7226962    2.0097721    1.1947945    3
   -0.0750287    1.8226568    6.3042203    3
    0.7004972    3.1830555   11.2859740    3
   -0.8061474    3.3940888    1.1691854    3
  11   0  18     1.000000
    5.0361834   -0.0051827   -0.0073852
   -2.5226068    4.3577337    0.0050494
   -0.0220924    0.0046519   14.9693412
    2.5170317    3.3789697    0.1532852    1
    4.1699676    0.4884941   10.0179739    1
    2.5049690    3.3621508   12.3567546    1
    0.8546814    0.5007107    2.5440427    1
    4.1642189    0.4871961    7.2171550    1
    2.4707174    0.4841426   12.4812525    1
    3.3722450    1.9038357    2.5388194    1
    1.6466349    1.9450296    7.4235904    1
   -0.0143957    1.9591993   12.4850683    1
    0.8147143    3.3823842    2.5448812    1
   -0.8747084    3.3936993    7.4331176    1
    2.4175618    3.4744618    8.6783569    3
    0.7700378    0.4209092   13.6918615    3
    4.2100069    0.4649961    3.6577323    3
    2.5916168    0.4921775    8.6662771    3
    3.3058251    1.9814993   13.7004940    3
    1.6908859    1.9424817    3.6601984    3
   -0.1031038    1.8614359    8.6778153    3
    0.8947377    3.3971524   13.6938564    3
   -0.8507407    3.3853290    3.6634030    3
    2.5808294    3.3498160    6.2623548    3
    0.8084814    0.5148939   11.1652118    3
    4.2090088    0.4564781    1.2085859    3
    2.4815503    0.4873819    6.2472222    3
    3.3492702    1.9024864   11.1757045    3
    1.6863865    1.9446814    1.2124351    3
    0.0622399    1.9864764    6.2657865    3
    0.7891276    3.4088429   11.1701742    3
   -0.8591548    3.3843288    1.2171299    3
 The number of repeat cell, r_cut and tree rc
  8         6.400000     6.200000     1.250000     5.850000
 The guess_WW value 
    -6.252040    -1.661533     0.008284     3.236469     0.185179     0.204318     0.100000
     4.897830    -1.366850     0.002185     3.965000    -0.108000     0.199607     0.100000
     9.238744    -1.520728     0.002185     3.965000    -0.108000     0.025000     0.100000
     0.000000    -1.568732     0.002663     4.025509    -0.107099     0.025943     0.100000
    -5.262078    -1.486850     0.008235     3.235000     0.206580     0.208000     0.100000
    -5.868876    -1.369500     0.002185     4.025000    -0.108000     0.127632     0.100000
     1.904992    -1.438500     0.002385     3.983500    -0.108000     0.208000     0.100000
   -10.213696    -1.506857     0.018680     3.051614    -0.104541     0.175068     0.100000
    10.961752    -1.698287     0.050000     2.838941    -0.100840     0.027646     0.100000
    -1.473130    -1.506498     0.016677     4.041243    -0.104110     0.025867     0.100000
     0.157214     1.000000     0.065190     5.685000    -5.500000     0.825000     6.650000
 The guess_HH value 
    -4.975930    -0.600000     0.398300     6.000000     0.082000     1.500000
 The guess_WH value 
    -4.372454    -0.209433     0.011046     6.533236     0.000000     0.000000     4.900138
    -0.847454     0.002133     5.500136     0.000000     0.000000    -3.941477    -0.204500
     0.001089     8.865000     0.000000     0.000000    -5.151838
 The guess_NN value 
   -10.813925    -0.297767     0.355692     2.384928     8.486272    -1.082821     0.013726
     8.800000    10.937500    -0.220255     0.023678     4.121380    -9.720620    -1.018344
     0.169580     7.452000   -25.200000    11.686318
 The guess_NH value 
    -7.950000    -0.032909     0.302258     2.550553     8.930272    -0.663800     0.087325
     7.719921    -9.599736
 The guess_WN value 
    -0.220400    -0.195986     0.017485     2.573273     0.223600     0.230035     0.009100
     0.976505     0.000000     0.001519     5.100000    -0.126817     0.120000     0.020000
     0.000000    -0.614987     0.002292     5.352464     0.000000     0.000000     0.000000
     0.000000    -0.143540     0.011246     5.720353     0.000000     0.000000     0.000000
     0.000000    -0.193399     0.080030    11.167560     0.000000     0.000000     0.000000
    -1.000000    -0.196400     0.000046     2.105420     0.140000     0.140000     0.140000
    -5.424640    -0.477550     0.019842     4.374743     0.120000     0.120000     0.120000
     2.840260    -0.488646     0.050053     3.503887    -0.101640    -0.119640    -0.112440
     0.015000    16.000000     2.414997     0.715316     0.001000     0.000100     0.000000
     0.000000     0.000000     0.000000     0.000000   -10.900000    -0.039314     0.187481
     5.555791     5.514136    -0.646968     0.002686     6.625550     6.367525    -0.089667
     0.220140     3.436164    -5.515262    -0.702759     0.098456     4.434720   -25.200000
    11.686318    -9.599736
 
 The structure is           1
 The number of kpoints is         186
 The kpoints is as follows
     0.000000     0.100000     0.200000
     0.000000     0.000000     0.000000
     0.000000     0.000000     0.000000
     0.100000     0.200000     0.300000
     0.000000     0.000000     0.000000
     0.000000     0.000000     0.000000
     0.200000     0.300000     0.400000
     0.000000     0.000000     0.000000
     0.000000     0.000000     0.000000
     0.300000     0.400000     0.500000
     0.000000     0.000000     0.000000
     0.000000     0.000000     0.000000
     0.400000     0.500000     0.100000
     0.000000     0.000000     0.100000
     0.000000     0.000000     0.000000
     0.500000     0.100000     0.200000
     0.000000     0.100000     0.100000
     0.000000     0.000000     0.000000
     0.100000     0.200000     0.300000
     0.100000     0.100000     0.100000
     0.000000     0.000000     0.000000
     0.200000     0.300000     0.400000
     0.100000     0.100000     0.100000
     0.000000     0.000000     0.000000
     0.300000     0.400000     0.500000
     0.100000     0.100000     0.100000
     0.000000     0.000000     0.000000
     0.400000     0.500000    -0.400000
     0.100000     0.100000     0.100000
     0.000000     0.000000     0.000000
     0.500000    -0.400000    -0.300000
     0.100000     0.100000     0.100000
     0.000000     0.000000     0.000000
    -0.400000    -0.300000    -0.200000
     0.100000     0.100000     0.100000
     0.000000     0.000000     0.000000
    -0.300000    -0.200000    -0.100000
     0.100000     0.100000     0.100000
     0.000000     0.000000     0.000000
    -0.200000    -0.100000     0.200000
     0.100000     0.100000     0.200000
     0.000000     0.000000     0.000000
    -0.100000     0.200000     0.300000
     0.100000     0.200000     0.200000
     0.000000     0.000000     0.000000
     0.200000     0.300000     0.400000
     0.200000     0.200000     0.200000
     0.000000     0.000000     0.000000
     0.300000     0.400000     0.500000
     0.200000     0.200000     0.200000
     0.000000     0.000000     0.000000
     0.400000     0.500000    -0.400000
     0.200000     0.200000     0.200000
     0.000000     0.000000     0.000000
     0.500000    -0.400000    -0.300000
     0.200000     0.200000     0.200000
     0.000000     0.000000     0.000000
    -0.400000    -0.300000    -0.200000
     0.200000     0.200000     0.200000
     0.000000     0.000000     0.000000
    -0.300000    -0.200000     0.300000
     0.200000     0.200000     0.300000
     0.000000     0.000000     0.000000
    -0.200000     0.300000     0.400000
     0.200000     0.300000     0.300000
     0.000000     0.000000     0.000000
     0.300000     0.400000     0.500000
     0.300000     0.300000     0.300000
     0.000000     0.000000     0.000000
     0.400000     0.500000    -0.400000
     0.300000     0.300000     0.300000
     0.000000     0.000000     0.000000
     0.500000    -0.400000    -0.300000
     0.300000     0.300000     0.300000
     0.000000     0.000000     0.000000
    -0.400000    -0.300000     0.400000
     0.300000     0.300000     0.400000
     0.000000     0.000000     0.000000
    -0.300000     0.400000     0.500000
     0.300000     0.400000     0.400000
     0.000000     0.000000     0.000000
     0.400000     0.500000    -0.400000
     0.400000     0.400000     0.400000
     0.000000     0.000000     0.000000
     0.500000    -0.400000     0.500000
     0.400000     0.400000     0.500000
     0.000000     0.000000     0.000000
    -0.400000     0.500000     0.000000
     0.400000     0.500000     0.000000
     0.000000     0.000000     0.100000
     0.500000     0.000000     0.100000
     0.500000     0.000000     0.000000
     0.000000     0.100000     0.100000
     0.000000     0.100000     0.200000
     0.000000     0.000000     0.000000
     0.100000     0.100000     0.100000
     0.100000     0.200000     0.300000
     0.000000     0.000000     0.000000
     0.100000     0.100000     0.100000
     0.200000     0.300000     0.400000
     0.000000     0.000000     0.000000
     0.100000     0.100000     0.100000
     0.300000     0.400000     0.500000
     0.000000     0.000000     0.000000
     0.100000     0.100000     0.100000
     0.400000     0.500000     0.100000
     0.000000     0.000000     0.100000
     0.100000     0.100000     0.100000
     0.500000     0.100000     0.200000
     0.000000     0.100000     0.100000
     0.100000     0.100000     0.100000
     0.100000     0.200000     0.300000
     0.100000     0.100000     0.100000
     0.100000     0.100000     0.100000
     0.200000     0.300000     0.400000
     0.100000     0.100000     0.100000
     0.100000     0.100000     0.100000
     0.300000     0.400000     0.500000
     0.100000     0.100000     0.100000
     0.100000     0.100000     0.100000
     0.400000     0.500000    -0.400000
     0.100000     0.100000     0.100000
     0.100000     0.100000     0.100000
     0.500000    -0.400000    -0.300000
     0.100000     0.100000     0.100000
     0.100000     0.100000     0.100000
    -0.400000    -0.300000    -0.200000
     0.100000     0.100000     0.100000
     0.100000     0.100000     0.100000
    -0.300000    -0.200000    -0.100000
     0.100000     0.100000     0.100000
     0.100000     0.100000     0.100000
    -0.200000    -0.100000     0.200000
     0.100000     0.100000     0.200000
     0.100000     0.100000     0.100000
    -0.100000     0.200000     0.300000
     0.100000     0.200000     0.200000
     0.100000     0.100000     0.100000
     0.200000     0.300000     0.400000
     0.200000     0.200000     0.200000
     0.100000     0.100000     0.100000
     0.300000     0.400000     0.500000
     0.200000     0.200000     0.200000
     0.100000     0.100000     0.100000
     0.400000     0.500000    -0.400000
     0.200000     0.200000     0.200000
     0.100000     0.100000     0.100000
     0.500000    -0.400000    -0.300000
     0.200000     0.200000     0.200000
     0.100000     0.100000     0.100000
    -0.400000    -0.300000    -0.200000
     0.200000     0.200000     0.200000
     0.100000     0.100000     0.100000
    -0.300000    -0.200000     0.300000
     0.200000     0.200000     0.300000
     0.100000     0.100000     0.100000
    -0.200000     0.300000     0.400000
     0.200000     0.300000     0.300000
     0.100000     0.100000     0.100000
     0.300000     0.400000     0.500000
     0.300000     0.300000     0.300000
     0.100000     0.100000     0.100000
     0.400000     0.500000    -0.400000
     0.300000     0.300000     0.300000
     0.100000     0.100000     0.100000
     0.500000    -0.400000    -0.300000
     0.300000     0.300000     0.300000
     0.100000     0.100000     0.100000
    -0.400000    -0.300000     0.400000
     0.300000     0.300000     0.400000
     0.100000     0.100000     0.100000
    -0.300000     0.400000     0.500000
     0.300000     0.400000     0.400000
     0.100000     0.100000     0.100000
     0.400000     0.500000    -0.400000
     0.400000     0.400000     0.400000
     0.100000     0.100000     0.100000
     0.500000    -0.400000     0.500000
     0.400000     0.400000     0.500000
     0.100000     0.100000     0.100000
    -0.400000     0.500000     0.000000
     0.400000     0.500000     0.000000
     0.100000     0.100000     0.200000
     0.500000     0.000000     0.100000
     0.500000     0.000000     0.000000
     0.100000     0.200000     0.200000
 The structure is           2
 The number of kpoints is         186
 The kpoints is as follows
     0.000000     0.100000     0.200000
     0.000000     0.000000     0.000000
     0.000000     0.000000     0.000000
     0.100000     0.200000     0.300000
     0.000000     0.000000     0.000000
     0.000000     0.000000     0.000000
     0.200000     0.300000     0.400000
     0.000000     0.000000     0.000000
     0.000000     0.000000     0.000000
     0.300000     0.400000     0.500000
     0.000000     0.000000     0.000000
     0.000000     0.000000     0.000000
     0.400000     0.500000     0.100000
     0.000000     0.000000     0.100000
     0.000000     0.000000     0.000000
     0.500000     0.100000     0.200000
     0.000000     0.100000     0.100000
     0.000000     0.000000     0.000000
     0.100000     0.200000     0.300000
     0.100000     0.100000     0.100000
     0.000000     0.000000     0.000000
     0.200000     0.300000     0.400000
     0.100000     0.100000     0.100000
     0.000000     0.000000     0.000000
     0.300000     0.400000     0.500000
     0.100000     0.100000     0.100000
     0.000000     0.000000     0.000000
     0.400000     0.500000    -0.400000
     0.100000     0.100000     0.100000
     0.000000     0.000000     0.000000
     0.500000    -0.400000    -0.300000
     0.100000     0.100000     0.100000
     0.000000     0.000000     0.000000
    -0.400000    -0.300000    -0.200000
     0.100000     0.100000     0.100000
     0.000000     0.000000     0.000000
    -0.300000    -0.200000    -0.100000
     0.100000     0.100000     0.100000
     0.000000     0.000000     0.000000
    -0.200000    -0.100000     0.200000
     0.100000     0.100000     0.200000
     0.000000     0.000000     0.000000
    -0.100000     0.200000     0.300000
     0.100000     0.200000     0.200000
     0.000000     0.000000     0.000000
     0.200000     0.300000     0.400000
     0.200000     0.200000     0.200000
     0.000000     0.000000     0.000000
     0.300000     0.400000     0.500000
     0.200000     0.200000     0.200000
     0.000000     0.000000     0.000000
     0.400000     0.500000    -0.400000
     0.200000     0.200000     0.200000
     0.000000     0.000000     0.000000
     0.500000    -0.400000    -0.300000
     0.200000     0.200000     0.200000
     0.000000     0.000000     0.000000
    -0.400000    -0.300000    -0.200000
     0.200000     0.200000     0.200000
     0.000000     0.000000     0.000000
    -0.300000    -0.200000     0.300000
     0.200000     0.200000     0.300000
     0.000000     0.000000     0.000000
    -0.200000     0.300000     0.400000
     0.200000     0.300000     0.300000
     0.000000     0.000000     0.000000
     0.300000     0.400000     0.500000
     0.300000     0.300000     0.300000
     0.000000     0.000000     0.000000
     0.400000     0.500000    -0.400000
     0.300000     0.300000     0.300000
     0.000000     0.000000     0.000000
     0.500000    -0.400000    -0.300000
     0.300000     0.300000     0.300000
     0.000000     0.000000     0.000000
    -0.400000    -0.300000     0.400000
     0.300000     0.300000     0.400000
     0.000000     0.000000     0.000000
    -0.300000     0.400000     0.500000
     0.300000     0.400000     0.400000
     0.000000     0.000000     0.000000
     0.400000     0.500000    -0.400000
     0.400000     0.400000     0.400000
     0.000000     0.000000     0.000000
     0.500000    -0.400000     0.500000
     0.400000     0.400000     0.500000
     0.000000     0.000000     0.000000
    -0.400000     0.500000     0.000000
     0.400000     0.500000     0.000000
     0.000000     0.000000     0.100000
     0.500000     0.000000     0.100000
     0.500000     0.000000     0.000000
     0.000000     0.100000     0.100000
     0.000000     0.100000     0.200000
     0.000000     0.000000     0.000000
     0.100000     0.100000     0.100000
     0.100000     0.200000     0.300000
     0.000000     0.000000     0.000000
     0.100000     0.100000     0.100000
     0.200000     0.300000     0.400000
     0.000000     0.000000     0.000000
     0.100000     0.100000     0.100000
     0.300000     0.400000     0.500000
     0.000000     0.000000     0.000000
     0.100000     0.100000     0.100000
     0.400000     0.500000     0.100000
     0.000000     0.000000     0.100000
     0.100000     0.100000     0.100000
     0.500000     0.100000     0.200000
     0.000000     0.100000     0.100000
     0.100000     0.100000     0.100000
     0.100000     0.200000     0.300000
     0.100000     0.100000     0.100000
     0.100000     0.100000     0.100000
     0.200000     0.300000     0.400000
     0.100000     0.100000     0.100000
     0.100000     0.100000     0.100000
     0.300000     0.400000     0.500000
     0.100000     0.100000     0.100000
     0.100000     0.100000     0.100000
     0.400000     0.500000    -0.400000
     0.100000     0.100000     0.100000
     0.100000     0.100000     0.100000
     0.500000    -0.400000    -0.300000
     0.100000     0.100000     0.100000
     0.100000     0.100000     0.100000
    -0.400000    -0.300000    -0.200000
     0.100000     0.100000     0.100000
     0.100000     0.100000     0.100000
    -0.300000    -0.200000    -0.100000
     0.100000     0.100000     0.100000
     0.100000     0.100000     0.100000
    -0.200000    -0.100000     0.200000
     0.100000     0.100000     0.200000
     0.100000     0.100000     0.100000
    -0.100000     0.200000     0.300000
     0.100000     0.200000     0.200000
     0.100000     0.100000     0.100000
     0.200000     0.300000     0.400000
     0.200000     0.200000     0.200000
     0.100000     0.100000     0.100000
     0.300000     0.400000     0.500000
     0.200000     0.200000     0.200000
     0.100000     0.100000     0.100000
     0.400000     0.500000    -0.400000
     0.200000     0.200000     0.200000
     0.100000     0.100000     0.100000
     0.500000    -0.400000    -0.300000
     0.200000     0.200000     0.200000
     0.100000     0.100000     0.100000
    -0.400000    -0.300000    -0.200000
     0.200000     0.200000     0.200000
     0.100000     0.100000     0.100000
    -0.300000    -0.200000     0.300000
     0.200000     0.200000     0.300000
     0.100000     0.100000     0.100000
    -0.200000     0.300000     0.400000
     0.200000     0.300000     0.300000
     0.100000     0.100000     0.100000
     0.300000     0.400000     0.500000
     0.300000     0.300000     0.300000
     0.100000     0.100000     0.100000
     0.400000     0.500000    -0.400000
     0.300000     0.300000     0.300000
     0.100000     0.100000     0.100000
     0.500000    -0.400000    -0.300000
     0.300000     0.300000     0.300000
     0.100000     0.100000     0.100000
    -0.400000    -0.300000     0.400000
     0.300000     0.300000     0.400000
     0.100000     0.100000     0.100000
    -0.300000     0.400000     0.500000
     0.300000     0.400000     0.400000
     0.100000     0.100000     0.100000
     0.400000     0.500000    -0.400000
     0.400000     0.400000     0.400000
     0.100000     0.100000     0.100000
     0.500000    -0.400000     0.500000
     0.400000     0.400000     0.500000
     0.100000     0.100000     0.100000
    -0.400000     0.500000     0.000000
     0.400000     0.500000     0.000000
     0.100000     0.100000     0.200000
     0.500000     0.000000     0.100000
     0.500000     0.000000     0.000000
     0.100000     0.200000     0.200000
 The structure is           3
 The number of kpoints is         186
 The kpoints is as follows
     0.000000     0.100000     0.200000
     0.000000     0.000000     0.000000
     0.000000     0.000000     0.000000
     0.100000     0.200000     0.300000
     0.000000     0.000000     0.000000
     0.000000     0.000000     0.000000
     0.200000     0.300000     0.400000
     0.000000     0.000000     0.000000
     0.000000     0.000000     0.000000
     0.300000     0.400000     0.500000
     0.000000     0.000000     0.000000
     0.000000     0.000000     0.000000
     0.400000     0.500000     0.100000
     0.000000     0.000000     0.100000
     0.000000     0.000000     0.000000
     0.500000     0.100000     0.200000
     0.000000     0.100000     0.100000
     0.000000     0.000000     0.000000
     0.100000     0.200000     0.300000
     0.100000     0.100000     0.100000
     0.000000     0.000000     0.000000
     0.200000     0.300000     0.400000
     0.100000     0.100000     0.100000
     0.000000     0.000000     0.000000
     0.300000     0.400000     0.500000
     0.100000     0.100000     0.100000
     0.000000     0.000000     0.000000
     0.400000     0.500000    -0.400000
     0.100000     0.100000     0.100000
     0.000000     0.000000     0.000000
     0.500000    -0.400000    -0.300000
     0.100000     0.100000     0.100000
     0.000000     0.000000     0.000000
    -0.400000    -0.300000    -0.200000
     0.100000     0.100000     0.100000
     0.000000     0.000000     0.000000
    -0.300000    -0.200000    -0.100000
     0.100000     0.100000     0.100000
     0.000000     0.000000     0.000000
    -0.200000    -0.100000     0.200000
     0.100000     0.100000     0.200000
     0.000000     0.000000     0.000000
    -0.100000     0.200000     0.300000
     0.100000     0.200000     0.200000
     0.000000     0.000000     0.000000
     0.200000     0.300000     0.400000
     0.200000     0.200000     0.200000
     0.000000     0.000000     0.000000
     0.300000     0.400000     0.500000
     0.200000     0.200000     0.200000
     0.000000     0.000000     0.000000
     0.400000     0.500000    -0.400000
     0.200000     0.200000     0.200000
     0.000000     0.000000     0.000000
     0.500000    -0.400000    -0.300000
     0.200000     0.200000     0.200000
     0.000000     0.000000     0.000000
    -0.400000    -0.300000    -0.200000
     0.200000     0.200000     0.200000
     0.000000     0.000000     0.000000
    -0.300000    -0.200000     0.300000
     0.200000     0.200000     0.300000
     0.000000     0.000000     0.000000
    -0.200000     0.300000     0.400000
     0.200000     0.300000     0.300000
     0.000000     0.000000     0.000000
     0.300000     0.400000     0.500000
     0.300000     0.300000     0.300000
     0.000000     0.000000     0.000000
     0.400000     0.500000    -0.400000
     0.300000     0.300000     0.300000
     0.000000     0.000000     0.000000
     0.500000    -0.400000    -0.300000
     0.300000     0.300000     0.300000
     0.000000     0.000000     0.000000
    -0.400000    -0.300000     0.400000
     0.300000     0.300000     0.400000
     0.000000     0.000000     0.000000
    -0.300000     0.400000     0.500000
     0.300000     0.400000     0.400000
     0.000000     0.000000     0.000000
     0.400000     0.500000    -0.400000
     0.400000     0.400000     0.400000
     0.000000     0.000000     0.000000
     0.500000    -0.400000     0.500000
     0.400000     0.400000     0.500000
     0.000000     0.000000     0.000000
    -0.400000     0.500000     0.000000
     0.400000     0.500000     0.000000
     0.000000     0.000000     0.100000
     0.500000     0.000000     0.100000
     0.500000     0.000000     0.000000
     0.000000     0.100000     0.100000
     0.000000     0.100000     0.200000
     0.000000     0.000000     0.000000
     0.100000     0.100000     0.100000
     0.100000     0.200000     0.300000
     0.000000     0.000000     0.000000
     0.100000     0.100000     0.100000
     0.200000     0.300000     0.400000
     0.000000     0.000000     0.000000
     0.100000     0.100000     0.100000
     0.300000     0.400000     0.500000
     0.000000     0.000000     0.000000
     0.100000     0.100000     0.100000
     0.400000     0.500000     0.100000
     0.000000     0.000000     0.100000
     0.100000     0.100000     0.100000
     0.500000     0.100000     0.200000
     0.000000     0.100000     0.100000
     0.100000     0.100000     0.100000
     0.100000     0.200000     0.300000
     0.100000     0.100000     0.100000
     0.100000     0.100000     0.100000
     0.200000     0.300000     0.400000
     0.100000     0.100000     0.100000
     0.100000     0.100000     0.100000
     0.300000     0.400000     0.500000
     0.100000     0.100000     0.100000
     0.100000     0.100000     0.100000
     0.400000     0.500000    -0.400000
     0.100000     0.100000     0.100000
     0.100000     0.100000     0.100000
     0.500000    -0.400000    -0.300000
     0.100000     0.100000     0.100000
     0.100000     0.100000     0.100000
    -0.400000    -0.300000    -0.200000
     0.100000     0.100000     0.100000
     0.100000     0.100000     0.100000
    -0.300000    -0.200000    -0.100000
     0.100000     0.100000     0.100000
     0.100000     0.100000     0.100000
    -0.200000    -0.100000     0.200000
     0.100000     0.100000     0.200000
     0.100000     0.100000     0.100000
    -0.100000     0.200000     0.300000
     0.100000     0.200000     0.200000
     0.100000     0.100000     0.100000
     0.200000     0.300000     0.400000
     0.200000     0.200000     0.200000
     0.100000     0.100000     0.100000
     0.300000     0.400000     0.500000
     0.200000     0.200000     0.200000
     0.100000     0.100000     0.100000
     0.400000     0.500000    -0.400000
     0.200000     0.200000     0.200000
     0.100000     0.100000     0.100000
     0.500000    -0.400000    -0.300000
     0.200000     0.200000     0.200000
     0.100000     0.100000     0.100000
    -0.400000    -0.300000    -0.200000
     0.200000     0.200000     0.200000
     0.100000     0.100000     0.100000
    -0.300000    -0.200000     0.300000
     0.200000     0.200000     0.300000
     0.100000     0.100000     0.100000
    -0.200000     0.300000     0.400000
     0.200000     0.300000     0.300000
     0.100000     0.100000     0.100000
     0.300000     0.400000     0.500000
     0.300000     0.300000     0.300000
     0.100000     0.100000     0.100000
     0.400000     0.500000    -0.400000
     0.300000     0.300000     0.300000
     0.100000     0.100000     0.100000
     0.500000    -0.400000    -0.300000
     0.300000     0.300000     0.300000
     0.100000     0.100000     0.100000
    -0.400000    -0.300000     0.400000
     0.300000     0.300000     0.400000
     0.100000     0.100000     0.100000
    -0.300000     0.400000     0.500000
     0.300000     0.400000     0.400000
     0.100000     0.100000     0.100000
     0.400000     0.500000    -0.400000
     0.400000     0.400000     0.400000
     0.100000     0.100000     0.100000
     0.500000    -0.400000     0.500000
     0.400000     0.400000     0.500000
     0.100000     0.100000     0.100000
    -0.400000     0.500000     0.000000
     0.400000     0.500000     0.000000
     0.100000     0.100000     0.200000
     0.500000     0.000000     0.100000
     0.500000     0.000000     0.000000
     0.100000     0.200000     0.200000
 The structure is           4
 The number of kpoints is          84
 The kpoints is as follows
     0.000000     0.100000     0.200000
     0.000000     0.000000     0.000000
     0.000000     0.000000     0.000000
     0.100000     0.200000     0.300000
     0.000000     0.000000     0.000000
     0.000000     0.000000     0.000000
     0.200000     0.300000     0.400000
     0.000000     0.000000     0.000000
     0.000000     0.000000     0.000000
     0.300000     0.400000     0.500000
     0.000000     0.000000     0.000000
     0.000000     0.000000     0.000000
     0.400000     0.500000     0.100000
     0.000000     0.000000     0.100000
     0.000000     0.000000     0.000000
     0.500000     0.100000     0.200000
     0.000000     0.100000     0.100000
     0.000000     0.000000     0.000000
     0.100000     0.200000     0.300000
     0.100000     0.100000     0.100000
     0.000000     0.000000     0.000000
     0.200000     0.300000     0.400000
     0.100000     0.100000     0.100000
     0.000000     0.000000     0.000000
     0.300000     0.400000     0.200000
     0.100000     0.100000     0.200000
     0.000000     0.000000     0.000000
     0.400000     0.200000     0.300000
     0.100000     0.200000     0.200000
     0.000000     0.000000     0.000000
     0.200000     0.300000     0.400000
     0.200000     0.200000     0.200000
     0.000000     0.000000     0.000000
     0.300000     0.400000     0.300000
     0.200000     0.200000     0.300000
     0.000000     0.000000     0.000000
     0.400000     0.300000     0.000000
     0.200000     0.300000     0.000000
     0.000000     0.000000     0.100000
     0.300000     0.000000     0.100000
     0.300000     0.000000     0.000000
     0.000000     0.100000     0.100000
     0.000000     0.100000     0.200000
     0.000000     0.000000     0.000000
     0.100000     0.100000     0.100000
     0.100000     0.200000     0.300000
     0.000000     0.000000     0.000000
     0.100000     0.100000     0.100000
     0.200000     0.300000     0.400000
     0.000000     0.000000     0.000000
     0.100000     0.100000     0.100000
     0.300000     0.400000     0.500000
     0.000000     0.000000     0.000000
     0.100000     0.100000     0.100000
     0.400000     0.500000     0.100000
     0.000000     0.000000     0.100000
     0.100000     0.100000     0.100000
     0.500000     0.100000     0.200000
     0.000000     0.100000     0.100000
     0.100000     0.100000     0.100000
     0.100000     0.200000     0.300000
     0.100000     0.100000     0.100000
     0.100000     0.100000     0.100000
     0.200000     0.300000     0.400000
     0.100000     0.100000     0.100000
     0.100000     0.100000     0.100000
     0.300000     0.400000     0.200000
     0.100000     0.100000     0.200000
     0.100000     0.100000     0.100000
     0.400000     0.200000     0.300000
     0.100000     0.200000     0.200000
     0.100000     0.100000     0.100000
     0.200000     0.300000     0.400000
     0.200000     0.200000     0.200000
     0.100000     0.100000     0.100000
     0.300000     0.400000     0.300000
     0.200000     0.200000     0.300000
     0.100000     0.100000     0.100000
     0.400000     0.300000     0.000000
     0.200000     0.300000     0.000000
     0.100000     0.100000     0.200000
     0.300000     0.000000     0.100000
     0.300000     0.000000     0.000000
     0.100000     0.200000     0.200000
 The structure is           5
 The number of kpoints is          84
 The kpoints is as follows
     0.000000     0.100000     0.200000
     0.000000     0.000000     0.000000
     0.000000     0.000000     0.000000
     0.100000     0.200000     0.300000
     0.000000     0.000000     0.000000
     0.000000     0.000000     0.000000
     0.200000     0.300000     0.400000
     0.000000     0.000000     0.000000
     0.000000     0.000000     0.000000
     0.300000     0.400000     0.500000
     0.000000     0.000000     0.000000
     0.000000     0.000000     0.000000
     0.400000     0.500000     0.100000
     0.000000     0.000000     0.100000
     0.000000     0.000000     0.000000
     0.500000     0.100000     0.200000
     0.000000     0.100000     0.100000
     0.000000     0.000000     0.000000
     0.100000     0.200000     0.300000
     0.100000     0.100000     0.100000
     0.000000     0.000000     0.000000
     0.200000     0.300000     0.400000
     0.100000     0.100000     0.100000
     0.000000     0.000000     0.000000
     0.300000     0.400000     0.200000
     0.100000     0.100000     0.200000
     0.000000     0.000000     0.000000
     0.400000     0.200000     0.300000
     0.100000     0.200000     0.200000
     0.000000     0.000000     0.000000
     0.200000     0.300000     0.400000
     0.200000     0.200000     0.200000
     0.000000     0.000000     0.000000
     0.300000     0.400000     0.300000
     0.200000     0.200000     0.300000
     0.000000     0.000000     0.000000
     0.400000     0.300000     0.000000
     0.200000     0.300000     0.000000
     0.000000     0.000000     0.100000
     0.300000     0.000000     0.100000
     0.300000     0.000000     0.000000
     0.000000     0.100000     0.100000
     0.000000     0.100000     0.200000
     0.000000     0.000000     0.000000
     0.100000     0.100000     0.100000
     0.100000     0.200000     0.300000
     0.000000     0.000000     0.000000
     0.100000     0.100000     0.100000
     0.200000     0.300000     0.400000
     0.000000     0.000000     0.000000
     0.100000     0.100000     0.100000
     0.300000     0.400000     0.500000
     0.000000     0.000000     0.000000
     0.100000     0.100000     0.100000
     0.400000     0.500000     0.100000
     0.000000     0.000000     0.100000
     0.100000     0.100000     0.100000
     0.500000     0.100000     0.200000
     0.000000     0.100000     0.100000
     0.100000     0.100000     0.100000
     0.100000     0.200000     0.300000
     0.100000     0.100000     0.100000
     0.100000     0.100000     0.100000
     0.200000     0.300000     0.400000
     0.100000     0.100000     0.100000
     0.100000     0.100000     0.100000
     0.300000     0.400000     0.200000
     0.100000     0.100000     0.200000
     0.100000     0.100000     0.100000
     0.400000     0.200000     0.300000
     0.100000     0.200000     0.200000
     0.100000     0.100000     0.100000
     0.200000     0.300000     0.400000
     0.200000     0.200000     0.200000
     0.100000     0.100000     0.100000
     0.300000     0.400000     0.300000
     0.200000     0.200000     0.300000
     0.100000     0.100000     0.100000
     0.400000     0.300000     0.000000
     0.200000     0.300000     0.000000
     0.100000     0.100000     0.200000
     0.300000     0.000000     0.100000
     0.300000     0.000000     0.000000
     0.100000     0.200000     0.200000
 The structure is           6
 The number of kpoints is          84
 The kpoints is as follows
     0.000000     0.100000     0.200000
     0.000000     0.000000     0.000000
     0.000000     0.000000     0.000000
     0.100000     0.200000     0.300000
     0.000000     0.000000     0.000000
     0.000000     0.000000     0.000000
     0.200000     0.300000     0.400000
     0.000000     0.000000     0.000000
     0.000000     0.000000     0.000000
     0.300000     0.400000     0.500000
     0.000000     0.000000     0.000000
     0.000000     0.000000     0.000000
     0.400000     0.500000     0.100000
     0.000000     0.000000     0.100000
     0.000000     0.000000     0.000000
     0.500000     0.100000     0.200000
     0.000000     0.100000     0.100000
     0.000000     0.000000     0.000000
     0.100000     0.200000     0.300000
     0.100000     0.100000     0.100000
     0.000000     0.000000     0.000000
     0.200000     0.300000     0.400000
     0.100000     0.100000     0.100000
     0.000000     0.000000     0.000000
     0.300000     0.400000     0.200000
     0.100000     0.100000     0.200000
     0.000000     0.000000     0.000000
     0.400000     0.200000     0.300000
     0.100000     0.200000     0.200000
     0.000000     0.000000     0.000000
     0.200000     0.300000     0.400000
     0.200000     0.200000     0.200000
     0.000000     0.000000     0.000000
     0.300000     0.400000     0.300000
     0.200000     0.200000     0.300000
     0.000000     0.000000     0.000000
     0.400000     0.300000     0.000000
     0.200000     0.300000     0.000000
     0.000000     0.000000     0.100000
     0.300000     0.000000     0.100000
     0.300000     0.000000     0.000000
     0.000000     0.100000     0.100000
     0.000000     0.100000     0.200000
     0.000000     0.000000     0.000000
     0.100000     0.100000     0.100000
     0.100000     0.200000     0.300000
     0.000000     0.000000     0.000000
     0.100000     0.100000     0.100000
     0.200000     0.300000     0.400000
     0.000000     0.000000     0.000000
     0.100000     0.100000     0.100000
     0.300000     0.400000     0.500000
     0.000000     0.000000     0.000000
     0.100000     0.100000     0.100000
     0.400000     0.500000     0.100000
     0.000000     0.000000     0.100000
     0.100000     0.100000     0.100000
     0.500000     0.100000     0.200000
     0.000000     0.100000     0.100000
     0.100000     0.100000     0.100000
     0.100000     0.200000     0.300000
     0.100000     0.100000     0.100000
     0.100000     0.100000     0.100000
     0.200000     0.300000     0.400000
     0.100000     0.100000     0.100000
     0.100000     0.100000     0.100000
     0.300000     0.400000     0.200000
     0.100000     0.100000     0.200000
     0.100000     0.100000     0.100000
     0.400000     0.200000     0.300000
     0.100000     0.200000     0.200000
     0.100000     0.100000     0.100000
     0.200000     0.300000     0.400000
     0.200000     0.200000     0.200000
     0.100000     0.100000     0.100000
     0.300000     0.400000     0.300000
     0.200000     0.200000     0.300000
     0.100000     0.100000     0.100000
     0.400000     0.300000     0.000000
     0.200000     0.300000     0.000000
     0.100000     0.100000     0.200000
     0.300000     0.000000     0.100000
     0.300000     0.000000     0.000000
     0.100000     0.200000     0.200000
 The structure is           7
 The number of kpoints is          60
 The kpoints is as follows
     0.062500     0.187500     0.312500
     0.062500     0.062500     0.062500
     0.062500     0.062500     0.062500
     0.187500     0.312500     0.437500
     0.062500     0.062500     0.062500
     0.062500     0.062500     0.062500
     0.312500     0.437500    -0.437500
     0.062500     0.062500     0.062500
     0.062500     0.062500     0.062500
     0.437500    -0.437500    -0.312500
     0.062500     0.062500     0.062500
     0.062500     0.062500     0.062500
    -0.437500    -0.312500    -0.187500
     0.062500     0.062500     0.062500
     0.062500     0.062500     0.062500
    -0.312500    -0.187500    -0.062500
     0.062500     0.062500     0.062500
     0.062500     0.062500     0.062500
    -0.187500    -0.062500     0.187500
     0.062500     0.062500     0.187500
     0.062500     0.062500     0.062500
    -0.062500     0.187500     0.312500
     0.062500     0.187500     0.187500
     0.062500     0.062500     0.062500
     0.187500     0.312500     0.437500
     0.187500     0.187500     0.187500
     0.062500     0.062500     0.062500
     0.312500     0.437500    -0.437500
     0.187500     0.187500     0.187500
     0.062500     0.062500     0.062500
     0.437500    -0.437500    -0.312500
     0.187500     0.187500     0.187500
     0.062500     0.062500     0.062500
    -0.437500    -0.312500    -0.187500
     0.187500     0.187500     0.187500
     0.062500     0.062500     0.062500
    -0.312500    -0.187500    -0.062500
     0.187500     0.187500     0.187500
     0.062500     0.062500     0.062500
    -0.187500    -0.062500     0.312500
     0.187500     0.187500     0.312500
     0.062500     0.062500     0.062500
    -0.062500     0.312500     0.437500
     0.187500     0.312500     0.312500
     0.062500     0.062500     0.062500
     0.312500     0.437500    -0.437500
     0.312500     0.312500     0.312500
     0.062500     0.062500     0.062500
     0.437500    -0.437500    -0.312500
     0.312500     0.312500     0.312500
     0.062500     0.062500     0.062500
    -0.437500    -0.312500    -0.187500
     0.312500     0.312500     0.312500
     0.062500     0.062500     0.062500
    -0.312500    -0.187500    -0.062500
     0.312500     0.312500     0.312500
     0.062500     0.062500     0.062500
    -0.187500    -0.062500     0.437500
     0.312500     0.312500     0.437500
     0.062500     0.062500     0.062500
 The structure is           8
 The number of kpoints is          60
 The kpoints is as follows
     0.062500     0.187500     0.312500
     0.062500     0.062500     0.062500
     0.062500     0.062500     0.062500
     0.187500     0.312500     0.437500
     0.062500     0.062500     0.062500
     0.062500     0.062500     0.062500
     0.312500     0.437500    -0.437500
     0.062500     0.062500     0.062500
     0.062500     0.062500     0.062500
     0.437500    -0.437500    -0.312500
     0.062500     0.062500     0.062500
     0.062500     0.062500     0.062500
    -0.437500    -0.312500    -0.187500
     0.062500     0.062500     0.062500
     0.062500     0.062500     0.062500
    -0.312500    -0.187500    -0.062500
     0.062500     0.062500     0.062500
     0.062500     0.062500     0.062500
    -0.187500    -0.062500     0.187500
     0.062500     0.062500     0.187500
     0.062500     0.062500     0.062500
    -0.062500     0.187500     0.312500
     0.062500     0.187500     0.187500
     0.062500     0.062500     0.062500
     0.187500     0.312500     0.437500
     0.187500     0.187500     0.187500
     0.062500     0.062500     0.062500
     0.312500     0.437500    -0.437500
     0.187500     0.187500     0.187500
     0.062500     0.062500     0.062500
     0.437500    -0.437500    -0.312500
     0.187500     0.187500     0.187500
     0.062500     0.062500     0.062500
    -0.437500    -0.312500    -0.187500
     0.187500     0.187500     0.187500
     0.062500     0.062500     0.062500
    -0.312500    -0.187500    -0.062500
     0.187500     0.187500     0.187500
     0.062500     0.062500     0.062500
    -0.187500    -0.062500     0.312500
     0.187500     0.187500     0.312500
     0.062500     0.062500     0.062500
    -0.062500     0.312500     0.437500
     0.187500     0.312500     0.312500
     0.062500     0.062500     0.062500
     0.312500     0.437500    -0.437500
     0.312500     0.312500     0.312500
     0.062500     0.062500     0.062500
     0.437500    -0.437500    -0.312500
     0.312500     0.312500     0.312500
     0.062500     0.062500     0.062500
    -0.437500    -0.312500    -0.187500
     0.312500     0.312500     0.312500
     0.062500     0.062500     0.062500
    -0.312500    -0.187500    -0.062500
     0.312500     0.312500     0.312500
     0.062500     0.062500     0.062500
    -0.187500    -0.062500     0.437500
     0.312500     0.312500     0.437500
     0.062500     0.062500     0.062500
 The structure is           9
 The number of kpoints is          60
 The kpoints is as follows
     0.062500     0.187500     0.312500
     0.062500     0.062500     0.062500
     0.062500     0.062500     0.062500
     0.187500     0.312500     0.437500
     0.062500     0.062500     0.062500
     0.062500     0.062500     0.062500
     0.312500     0.437500    -0.437500
     0.062500     0.062500     0.062500
     0.062500     0.062500     0.062500
     0.437500    -0.437500    -0.312500
     0.062500     0.062500     0.062500
     0.062500     0.062500     0.062500
    -0.437500    -0.312500    -0.187500
     0.062500     0.062500     0.062500
     0.062500     0.062500     0.062500
    -0.312500    -0.187500    -0.062500
     0.062500     0.062500     0.062500
     0.062500     0.062500     0.062500
    -0.187500    -0.062500     0.187500
     0.062500     0.062500     0.187500
     0.062500     0.062500     0.062500
    -0.062500     0.187500     0.312500
     0.062500     0.187500     0.187500
     0.062500     0.062500     0.062500
     0.187500     0.312500     0.437500
     0.187500     0.187500     0.187500
     0.062500     0.062500     0.062500
     0.312500     0.437500    -0.437500
     0.187500     0.187500     0.187500
     0.062500     0.062500     0.062500
     0.437500    -0.437500    -0.312500
     0.187500     0.187500     0.187500
     0.062500     0.062500     0.062500
    -0.437500    -0.312500    -0.187500
     0.187500     0.187500     0.187500
     0.062500     0.062500     0.062500
    -0.312500    -0.187500    -0.062500
     0.187500     0.187500     0.187500
     0.062500     0.062500     0.062500
    -0.187500    -0.062500     0.312500
     0.187500     0.187500     0.312500
     0.062500     0.062500     0.062500
    -0.062500     0.312500     0.437500
     0.187500     0.312500     0.312500
     0.062500     0.062500     0.062500
     0.312500     0.437500    -0.437500
     0.312500     0.312500     0.312500
     0.062500     0.062500     0.062500
     0.437500    -0.437500    -0.312500
     0.312500     0.312500     0.312500
     0.062500     0.062500     0.062500
    -0.437500    -0.312500    -0.187500
     0.312500     0.312500     0.312500
     0.062500     0.062500     0.062500
    -0.312500    -0.187500    -0.062500
     0.312500     0.312500     0.312500
     0.062500     0.062500     0.062500
    -0.187500    -0.062500     0.437500
     0.312500     0.312500     0.437500
     0.062500     0.062500     0.062500
 The structure is          10
 The number of kpoints is          20
 The kpoints is as follows
     0.060000     0.190000     0.310000
     0.060000     0.060000     0.060000
     0.060000     0.060000     0.060000
     0.190000     0.310000     0.440000
     0.060000     0.060000     0.060000
     0.060000     0.060000     0.060000
     0.310000     0.440000     0.190000
     0.060000     0.060000     0.190000
     0.060000     0.060000     0.060000
     0.440000     0.190000     0.310000
     0.060000     0.190000     0.190000
     0.060000     0.060000     0.060000
     0.190000     0.310000     0.440000
     0.190000     0.190000     0.190000
     0.060000     0.060000     0.060000
     0.310000     0.440000     0.310000
     0.190000     0.190000     0.310000
     0.060000     0.060000     0.060000
     0.440000     0.310000     0.440000
     0.190000     0.310000     0.310000
 The structure is          11
 The number of kpoints is          20
 The kpoints is as follows
     0.060000     0.190000     0.310000
     0.060000     0.060000     0.060000
     0.060000     0.060000     0.060000
     0.190000     0.310000     0.440000
     0.060000     0.060000     0.060000
     0.060000     0.060000     0.060000
     0.310000     0.440000     0.190000
     0.060000     0.060000     0.190000
     0.060000     0.060000     0.060000
     0.440000     0.190000     0.310000
     0.060000     0.190000     0.190000
     0.060000     0.060000     0.060000
     0.190000     0.310000     0.440000
     0.190000     0.190000     0.190000
     0.060000     0.060000     0.060000
     0.310000     0.440000     0.310000
     0.190000     0.190000     0.310000
     0.060000     0.060000     0.060000
     0.440000     0.310000     0.440000
     0.190000     0.310000     0.310000
 The structure is          12
 The number of kpoints is          20
 The kpoints is as follows
     0.060000     0.190000     0.310000
     0.060000     0.060000     0.060000
     0.060000     0.060000     0.060000
     0.190000     0.310000     0.440000
     0.060000     0.060000     0.060000
     0.060000     0.060000     0.060000
     0.310000     0.440000     0.190000
     0.060000     0.060000     0.190000
     0.060000     0.060000     0.060000
     0.440000     0.190000     0.310000
     0.060000     0.190000     0.190000
     0.060000     0.060000     0.060000
     0.190000     0.310000     0.440000
     0.190000     0.190000     0.190000
     0.060000     0.060000     0.060000
     0.310000     0.440000     0.310000
     0.190000     0.190000     0.310000
     0.060000     0.060000     0.060000
     0.440000     0.310000     0.440000
     0.190000     0.310000     0.310000
 The structure is          13
 The number of kpoints is          42
 The kpoints is as follows
     0.000000     0.076923     0.153846
     0.000000     0.000000     0.000000
     0.000000     0.000000     0.000000
     0.076923     0.153846     0.230769
     0.000000     0.000000     0.000000
     0.000000     0.000000     0.000000
     0.153846     0.230769     0.307692
     0.000000     0.000000     0.000000
     0.000000     0.000000     0.000000
     0.230769     0.307692     0.384615
     0.000000     0.000000     0.000000
     0.000000     0.000000     0.000000
     0.307692     0.384615     0.461538
     0.000000     0.000000     0.000000
     0.000000     0.000000     0.000000
     0.384615     0.461538     0.076923
     0.000000     0.000000     0.076923
     0.000000     0.000000     0.000000
     0.461538     0.076923     0.153846
     0.000000     0.076923     0.076923
     0.000000     0.000000     0.000000
     0.076923     0.153846     0.230769
     0.076923     0.076923     0.076923
     0.000000     0.000000     0.000000
     0.153846     0.230769     0.307692
     0.076923     0.076923     0.076923
     0.000000     0.000000     0.000000
     0.230769     0.307692     0.384615
     0.076923     0.076923     0.076923
     0.000000     0.000000     0.000000
     0.307692     0.384615     0.461538
     0.076923     0.076923     0.076923
     0.000000     0.000000     0.000000
     0.384615     0.461538     0.153846
     0.076923     0.076923     0.153846
     0.000000     0.000000     0.000000
     0.461538     0.153846     0.230769
     0.076923     0.153846     0.153846
     0.000000     0.000000     0.000000
     0.153846     0.230769     0.307692
     0.153846     0.153846     0.153846
     0.000000     0.000000     0.000000
 The structure is          14
 The number of kpoints is          42
 The kpoints is as follows
     0.000000     0.076923     0.153846
     0.000000     0.000000     0.000000
     0.000000     0.000000     0.000000
     0.076923     0.153846     0.230769
     0.000000     0.000000     0.000000
     0.000000     0.000000     0.000000
     0.153846     0.230769     0.307692
     0.000000     0.000000     0.000000
     0.000000     0.000000     0.000000
     0.230769     0.307692     0.384615
     0.000000     0.000000     0.000000
     0.000000     0.000000     0.000000
     0.307692     0.384615     0.461538
     0.000000     0.000000     0.000000
     0.000000     0.000000     0.000000
     0.384615     0.461538     0.076923
     0.000000     0.000000     0.076923
     0.000000     0.000000     0.000000
     0.461538     0.076923     0.153846
     0.000000     0.076923     0.076923
     0.000000     0.000000     0.000000
     0.076923     0.153846     0.230769
     0.076923     0.076923     0.076923
     0.000000     0.000000     0.000000
     0.153846     0.230769     0.307692
     0.076923     0.076923     0.076923
     0.000000     0.000000     0.000000
     0.230769     0.307692     0.384615
     0.076923     0.076923     0.076923
     0.000000     0.000000     0.000000
     0.307692     0.384615     0.461538
     0.076923     0.076923     0.076923
     0.000000     0.000000     0.000000
     0.384615     0.461538     0.153846
     0.076923     0.076923     0.153846
     0.000000     0.000000     0.000000
     0.461538     0.153846     0.230769
     0.076923     0.153846     0.153846
     0.000000     0.000000     0.000000
     0.153846     0.230769     0.307692
     0.153846     0.153846     0.153846
     0.000000     0.000000     0.000000
 The structure is          15
 The number of kpoints is          42
 The kpoints is as follows
     0.000000     0.076923     0.153846
     0.000000     0.000000     0.000000
     0.000000     0.000000     0.000000
     0.076923     0.153846     0.230769
     0.000000     0.000000     0.000000
     0.000000     0.000000     0.000000
     0.153846     0.230769     0.307692
     0.000000     0.000000     0.000000
     0.000000     0.000000     0.000000
     0.230769     0.307692     0.384615
     0.000000     0.000000     0.000000
     0.000000     0.000000     0.000000
     0.307692     0.384615     0.461538
     0.000000     0.000000     0.000000
     0.000000     0.000000     0.000000
     0.384615     0.461538     0.076923
     0.000000     0.000000     0.076923
     0.000000     0.000000     0.000000
     0.461538     0.076923     0.153846
     0.000000     0.076923     0.076923
     0.000000     0.000000     0.000000
     0.076923     0.153846     0.230769
     0.076923     0.076923     0.076923
     0.000000     0.000000     0.000000
     0.153846     0.230769     0.307692
     0.076923     0.076923     0.076923
     0.000000     0.000000     0.000000
     0.230769     0.307692     0.384615
     0.076923     0.076923     0.076923
     0.000000     0.000000     0.000000
     0.307692     0.384615     0.461538
     0.076923     0.076923     0.076923
     0.000000     0.000000     0.000000
     0.384615     0.461538     0.153846
     0.076923     0.076923     0.153846
     0.000000     0.000000     0.000000
     0.461538     0.153846     0.230769
     0.076923     0.153846     0.153846
     0.000000     0.000000     0.000000
     0.153846     0.230769     0.307692
     0.153846     0.153846     0.153846
     0.000000     0.000000     0.000000
 The structure is          16
 The number of kpoints is           3
 The kpoints is as follows
     0.000000     0.341039    -0.500000
     0.000000     0.341039     0.500000
     0.000000     0.000000     0.000000
 The structure is          17
 The number of kpoints is           3
 The kpoints is as follows
     0.000000     0.341039    -0.500000
     0.000000     0.341039     0.500000
     0.000000     0.000000     0.000000
 The structure is          18
 The number of kpoints is           1
 The kpoints is as follows
     0.000000     0.000000     0.000000
 The structure is          19
 The number of kpoints is           1
 The kpoints is as follows
     0.000000     0.000000     0.000000
 The structure is          20
 The number of kpoints is           1
 The kpoints is as follows
     0.000000     0.000000     0.000000
 The structure is          21
 The number of kpoints is           1
 The kpoints is as follows
     0.000000     0.000000     0.000000
 The structure is          22
 The number of kpoints is           1
 The kpoints is as follows
     0.000000     0.000000     0.000000
 The structure is          23
 The number of kpoints is           1
 The kpoints is as follows
     0.000000     0.000000     0.000000
 The structure is          24
 The number of kpoints is          21
 The kpoints is as follows
     0.083333     0.250000     0.333333
     0.083333     0.083333    -0.250000
     0.250000     0.250000     0.250000
     0.250000     0.333333     0.416667
     0.083333    -0.250000     0.083333
     0.250000     0.250000     0.250000
     0.333333     0.416667     0.500000
    -0.250000     0.083333    -0.416667
     0.250000     0.250000     0.250000
     0.416667     0.500000    -0.416667
     0.083333    -0.416667     0.083333
     0.250000     0.250000     0.250000
     0.500000    -0.416667    -0.333333
    -0.416667     0.083333     0.416667
     0.250000     0.250000     0.250000
    -0.416667    -0.333333    -0.250000
     0.083333     0.416667     0.083333
     0.250000     0.250000     0.250000
    -0.333333    -0.250000    -0.166667
     0.416667     0.083333     0.250000
     0.250000     0.250000     0.250000
 The structure is          25
 The number of kpoints is          21
 The kpoints is as follows
     0.083333     0.250000     0.333333
     0.083333     0.083333    -0.250000
     0.250000     0.250000     0.250000
     0.250000     0.333333     0.416667
     0.083333    -0.250000     0.083333
     0.250000     0.250000     0.250000
     0.333333     0.416667     0.500000
    -0.250000     0.083333    -0.416667
     0.250000     0.250000     0.250000
     0.416667     0.500000    -0.416667
     0.083333    -0.416667     0.083333
     0.250000     0.250000     0.250000
     0.500000    -0.416667    -0.333333
    -0.416667     0.083333     0.416667
     0.250000     0.250000     0.250000
    -0.416667    -0.333333    -0.250000
     0.083333     0.416667     0.083333
     0.250000     0.250000     0.250000
    -0.333333    -0.250000    -0.166667
     0.416667     0.083333     0.250000
     0.250000     0.250000     0.250000
 The structure is          26
 The number of kpoints is          21
 The kpoints is as follows
     0.083333     0.250000     0.333333
     0.083333     0.083333    -0.250000
     0.250000     0.250000     0.250000
     0.250000     0.333333     0.416667
     0.083333    -0.250000     0.083333
     0.250000     0.250000     0.250000
     0.333333     0.416667     0.500000
    -0.250000     0.083333    -0.416667
     0.250000     0.250000     0.250000
     0.416667     0.500000    -0.416667
     0.083333    -0.416667     0.083333
     0.250000     0.250000     0.250000
     0.500000    -0.416667    -0.333333
    -0.416667     0.083333     0.416667
     0.250000     0.250000     0.250000
    -0.416667    -0.333333    -0.250000
     0.083333     0.416667     0.083333
     0.250000     0.250000     0.250000
    -0.333333    -0.250000    -0.166667
     0.416667     0.083333     0.250000
     0.250000     0.250000     0.250000
 The structure is          27
 The number of kpoints is          47
 The kpoints is as follows
     0.000000     0.100000     0.200000
     0.000000     0.000000     0.000000
     0.000000     0.000000     0.000000
     0.100000     0.200000     0.300000
     0.000000     0.000000     0.000000
     0.000000     0.000000     0.000000
     0.200000     0.300000     0.400000
     0.000000     0.000000     0.000000
     0.000000     0.000000     0.000000
     0.300000     0.400000     0.500000
     0.000000     0.000000     0.000000
     0.000000     0.000000     0.000000
     0.400000     0.500000     0.100000
     0.000000     0.000000     0.100000
     0.000000     0.000000     0.000000
     0.500000     0.100000     0.200000
     0.000000     0.100000     0.100000
     0.000000     0.000000     0.000000
     0.100000     0.200000     0.300000
     0.100000     0.100000     0.100000
     0.000000     0.000000     0.000000
     0.200000     0.300000     0.400000
     0.100000     0.100000     0.100000
     0.000000     0.000000     0.000000
     0.300000     0.400000     0.200000
     0.100000     0.100000     0.200000
     0.000000     0.000000     0.000000
     0.400000     0.200000     0.300000
     0.100000     0.200000     0.200000
     0.000000     0.000000     0.000000
     0.200000     0.300000     0.400000
     0.200000     0.200000     0.200000
     0.000000     0.000000     0.000000
     0.300000     0.400000     0.300000
     0.200000     0.200000     0.300000
     0.000000     0.000000     0.000000
     0.400000     0.300000     0.100000
     0.200000     0.300000     0.100000
     0.000000     0.000000     0.100000
     0.300000     0.100000     0.200000
     0.300000     0.100000     0.100000
     0.000000     0.100000     0.100000
     0.100000     0.200000     0.300000
     0.100000     0.100000     0.100000
     0.100000     0.100000     0.100000
     0.200000     0.300000     0.400000
     0.100000     0.100000     0.100000
 The structure is          28
 The number of kpoints is          47
 The kpoints is as follows
     0.000000     0.100000     0.200000
     0.000000     0.000000     0.000000
     0.000000     0.000000     0.000000
     0.100000     0.200000     0.300000
     0.000000     0.000000     0.000000
     0.000000     0.000000     0.000000
     0.200000     0.300000     0.400000
     0.000000     0.000000     0.000000
     0.000000     0.000000     0.000000
     0.300000     0.400000     0.500000
     0.000000     0.000000     0.000000
     0.000000     0.000000     0.000000
     0.400000     0.500000     0.100000
     0.000000     0.000000     0.100000
     0.000000     0.000000     0.000000
     0.500000     0.100000     0.200000
     0.000000     0.100000     0.100000
     0.000000     0.000000     0.000000
     0.100000     0.200000     0.300000
     0.100000     0.100000     0.100000
     0.000000     0.000000     0.000000
     0.200000     0.300000     0.400000
     0.100000     0.100000     0.100000
     0.000000     0.000000     0.000000
     0.300000     0.400000     0.200000
     0.100000     0.100000     0.200000
     0.000000     0.000000     0.000000
     0.400000     0.200000     0.300000
     0.100000     0.200000     0.200000
     0.000000     0.000000     0.000000
     0.200000     0.300000     0.400000
     0.200000     0.200000     0.200000
     0.000000     0.000000     0.000000
     0.300000     0.400000     0.300000
     0.200000     0.200000     0.300000
     0.000000     0.000000     0.000000
     0.400000     0.300000     0.100000
     0.200000     0.300000     0.100000
     0.000000     0.000000     0.100000
     0.300000     0.100000     0.200000
     0.300000     0.100000     0.100000
     0.000000     0.100000     0.100000
     0.100000     0.200000     0.300000
     0.100000     0.100000     0.100000
     0.100000     0.100000     0.100000
     0.200000     0.300000     0.400000
     0.100000     0.100000     0.100000
 The structure is          29
 The number of kpoints is          47
 The kpoints is as follows
     0.000000     0.100000     0.200000
     0.000000     0.000000     0.000000
     0.000000     0.000000     0.000000
     0.100000     0.200000     0.300000
     0.000000     0.000000     0.000000
     0.000000     0.000000     0.000000
     0.200000     0.300000     0.400000
     0.000000     0.000000     0.000000
     0.000000     0.000000     0.000000
     0.300000     0.400000     0.500000
     0.000000     0.000000     0.000000
     0.000000     0.000000     0.000000
     0.400000     0.500000     0.100000
     0.000000     0.000000     0.100000
     0.000000     0.000000     0.000000
     0.500000     0.100000     0.200000
     0.000000     0.100000     0.100000
     0.000000     0.000000     0.000000
     0.100000     0.200000     0.300000
     0.100000     0.100000     0.100000
     0.000000     0.000000     0.000000
     0.200000     0.300000     0.400000
     0.100000     0.100000     0.100000
     0.000000     0.000000     0.000000
     0.300000     0.400000     0.200000
     0.100000     0.100000     0.200000
     0.000000     0.000000     0.000000
     0.400000     0.200000     0.300000
     0.100000     0.200000     0.200000
     0.000000     0.000000     0.000000
     0.200000     0.300000     0.400000
     0.200000     0.200000     0.200000
     0.000000     0.000000     0.000000
     0.300000     0.400000     0.300000
     0.200000     0.200000     0.300000
     0.000000     0.000000     0.000000
     0.400000     0.300000     0.100000
     0.200000     0.300000     0.100000
     0.000000     0.000000     0.100000
     0.300000     0.100000     0.200000
     0.300000     0.100000     0.100000
     0.000000     0.100000     0.100000
     0.100000     0.200000     0.300000
     0.100000     0.100000     0.100000
     0.100000     0.100000     0.100000
     0.200000     0.300000     0.400000
     0.100000     0.100000     0.100000
 The structure is          30
 The number of kpoints is          32
 The kpoints is as follows
     0.062500     0.187500    -0.062500
     0.062500     0.062500    -0.187500
     0.000000     0.000000     0.000000
     0.187500    -0.062500     0.312500
     0.062500    -0.187500     0.062500
     0.000000     0.000000     0.000000
    -0.062500     0.312500    -0.062500
    -0.187500     0.062500    -0.312500
     0.000000     0.000000     0.000000
     0.312500    -0.062500     0.437500
     0.062500    -0.312500     0.062500
     0.000000     0.000000     0.000000
    -0.062500     0.437500    -0.062500
    -0.312500     0.062500    -0.437500
     0.000000     0.000000     0.000000
     0.437500    -0.062500    -0.437500
     0.062500    -0.437500     0.062500
     0.000000     0.000000     0.000000
    -0.062500    -0.437500    -0.062500
    -0.437500     0.062500     0.437500
     0.000000     0.000000     0.000000
    -0.437500    -0.062500    -0.312500
     0.062500     0.437500     0.062500
     0.000000     0.000000     0.000000
    -0.062500    -0.312500    -0.062500
     0.437500     0.062500     0.312500
     0.000000     0.000000     0.000000
    -0.312500    -0.062500    -0.187500
     0.062500     0.312500     0.062500
     0.000000     0.000000     0.000000
    -0.062500    -0.187500    -0.062500
     0.312500     0.062500     0.187500
 The structure is          31
 The number of kpoints is          32
 The kpoints is as follows
     0.062500     0.187500    -0.062500
     0.062500     0.062500    -0.187500
     0.000000     0.000000     0.000000
     0.187500    -0.062500     0.312500
     0.062500    -0.187500     0.062500
     0.000000     0.000000     0.000000
    -0.062500     0.312500    -0.062500
    -0.187500     0.062500    -0.312500
     0.000000     0.000000     0.000000
     0.312500    -0.062500     0.437500
     0.062500    -0.312500     0.062500
     0.000000     0.000000     0.000000
    -0.062500     0.437500    -0.062500
    -0.312500     0.062500    -0.437500
     0.000000     0.000000     0.000000
     0.437500    -0.062500    -0.437500
     0.062500    -0.437500     0.062500
     0.000000     0.000000     0.000000
    -0.062500    -0.437500    -0.062500
    -0.437500     0.062500     0.437500
     0.000000     0.000000     0.000000
    -0.437500    -0.062500    -0.312500
     0.062500     0.437500     0.062500
     0.000000     0.000000     0.000000
    -0.062500    -0.312500    -0.062500
     0.437500     0.062500     0.312500
     0.000000     0.000000     0.000000
    -0.312500    -0.062500    -0.187500
     0.062500     0.312500     0.062500
     0.000000     0.000000     0.000000
    -0.062500    -0.187500    -0.062500
     0.312500     0.062500     0.187500
 The structure is          32
 The number of kpoints is          32
 The kpoints is as follows
     0.062500     0.187500    -0.062500
     0.062500     0.062500    -0.187500
     0.000000     0.000000     0.000000
     0.187500    -0.062500     0.312500
     0.062500    -0.187500     0.062500
     0.000000     0.000000     0.000000
    -0.062500     0.312500    -0.062500
    -0.187500     0.062500    -0.312500
     0.000000     0.000000     0.000000
     0.312500    -0.062500     0.437500
     0.062500    -0.312500     0.062500
     0.000000     0.000000     0.000000
    -0.062500     0.437500    -0.062500
    -0.312500     0.062500    -0.437500
     0.000000     0.000000     0.000000
     0.437500    -0.062500    -0.437500
     0.062500    -0.437500     0.062500
     0.000000     0.000000     0.000000
    -0.062500    -0.437500    -0.062500
    -0.437500     0.062500     0.437500
     0.000000     0.000000     0.000000
    -0.437500    -0.062500    -0.312500
     0.062500     0.437500     0.062500
     0.000000     0.000000     0.000000
    -0.062500    -0.312500    -0.062500
     0.437500     0.062500     0.312500
     0.000000     0.000000     0.000000
    -0.312500    -0.062500    -0.187500
     0.062500     0.312500     0.062500
     0.000000     0.000000     0.000000
    -0.062500    -0.187500    -0.062500
     0.312500     0.062500     0.187500
 The structure is          33
 The number of kpoints is          20
 The kpoints is as follows
     0.062500     0.187500     0.312500
     0.062500     0.062500     0.062500
     0.000000     0.000000     0.000000
     0.187500     0.312500     0.437500
     0.062500     0.062500     0.062500
     0.000000     0.000000     0.000000
     0.312500     0.437500    -0.437500
     0.062500     0.062500     0.062500
     0.000000     0.000000     0.000000
     0.437500    -0.437500    -0.312500
     0.062500     0.062500     0.062500
     0.000000     0.000000     0.000000
    -0.437500    -0.312500    -0.187500
     0.062500     0.062500     0.062500
     0.000000     0.000000     0.000000
    -0.312500    -0.187500    -0.062500
     0.062500     0.062500     0.062500
     0.000000     0.000000     0.000000
    -0.187500    -0.062500     0.187500
     0.062500     0.062500     0.187500
 The structure is          34
 The number of kpoints is          20
 The kpoints is as follows
     0.062500     0.187500     0.312500
     0.062500     0.062500     0.062500
     0.000000     0.000000     0.000000
     0.187500     0.312500     0.437500
     0.062500     0.062500     0.062500
     0.000000     0.000000     0.000000
     0.312500     0.437500    -0.437500
     0.062500     0.062500     0.062500
     0.000000     0.000000     0.000000
     0.437500    -0.437500    -0.312500
     0.062500     0.062500     0.062500
     0.000000     0.000000     0.000000
    -0.437500    -0.312500    -0.187500
     0.062500     0.062500     0.062500
     0.000000     0.000000     0.000000
    -0.312500    -0.187500    -0.062500
     0.062500     0.062500     0.062500
     0.000000     0.000000     0.000000
    -0.187500    -0.062500     0.187500
     0.062500     0.062500     0.187500
 The structure is          35
 The number of kpoints is          20
 The kpoints is as follows
     0.062500     0.187500     0.312500
     0.062500     0.062500     0.062500
     0.000000     0.000000     0.000000
     0.187500     0.312500     0.437500
     0.062500     0.062500     0.062500
     0.000000     0.000000     0.000000
     0.312500     0.437500    -0.437500
     0.062500     0.062500     0.062500
     0.000000     0.000000     0.000000
     0.437500    -0.437500    -0.312500
     0.062500     0.062500     0.062500
     0.000000     0.000000     0.000000
    -0.437500    -0.312500    -0.187500
     0.062500     0.062500     0.062500
     0.000000     0.000000     0.000000
    -0.312500    -0.187500    -0.062500
     0.062500     0.062500     0.062500
     0.000000     0.000000     0.000000
    -0.187500    -0.062500     0.187500
     0.062500     0.062500     0.187500
 The structure is          36
 The number of kpoints is          10
 The kpoints is as follows
     0.000000     0.076923     0.153846
     0.000000     0.000000     0.000000
     0.000000     0.000000     0.000000
     0.076923     0.153846     0.230769
     0.000000     0.000000     0.000000
     0.000000     0.000000     0.000000
     0.153846     0.230769     0.307692
     0.000000     0.000000     0.000000
     0.000000     0.000000     0.000000
     0.230769     0.307692     0.384615
 The structure is          37
 The number of kpoints is          10
 The kpoints is as follows
     0.000000     0.076923     0.153846
     0.000000     0.000000     0.000000
     0.000000     0.000000     0.000000
     0.076923     0.153846     0.230769
     0.000000     0.000000     0.000000
     0.000000     0.000000     0.000000
     0.153846     0.230769     0.307692
     0.000000     0.000000     0.000000
     0.000000     0.000000     0.000000
     0.230769     0.307692     0.384615
 The structure is          38
 The number of kpoints is           2
 The kpoints is as follows
     0.060000     0.440000     0.000000
     0.060000     0.000000     0.000000
 The structure is          39
 The number of kpoints is           2
 The kpoints is as follows
     0.060000     0.440000     0.000000
     0.060000     0.000000     0.000000
 The structure is          40
 The number of kpoints is           2
 The kpoints is as follows
     0.060000     0.440000     0.000000
     0.060000     0.000000     0.000000
 The structure is          41
 The number of kpoints is           2
 The kpoints is as follows
     0.060000     0.440000     0.000000
     0.060000     0.000000     0.000000
